[2023-11-03 19:49:15,273] multiqc                                            [DEBUG  ]  This is MultiQC v1.12
[2023-11-03 19:49:15,273] multiqc                                            [DEBUG  ]  No MultiQC config found: /usr/lib/python3/dist-packages/multiqc_config.yaml
[2023-11-03 19:49:15,274] multiqc                                            [DEBUG  ]  No MultiQC config found: /home/bryan/.multiqc_config.yaml
[2023-11-03 19:49:15,274] multiqc                                            [DEBUG  ]  No MultiQC config found: multiqc_config.yaml
[2023-11-03 19:49:15,274] multiqc                                            [DEBUG  ]  Command used: /usr/bin/multiqc .
[2023-11-03 19:49:15,791] multiqc                                            [WARNING]  MultiQC Version v1.17 now available!
[2023-11-03 19:49:15,791] multiqc                                            [DEBUG  ]  Command     : /usr/bin/multiqc .
[2023-11-03 19:49:15,791] multiqc                                            [DEBUG  ]  Working dir : /home/bryan/variant_call/aligned_reads
[2023-11-03 19:49:15,791] multiqc                                            [DEBUG  ]  Template    : default
[2023-11-03 19:49:15,791] multiqc                                            [DEBUG  ]  Running Python 3.10.12 (main, Jun 11 2023, 05:26:28) [GCC 11.4.0]
[2023-11-03 19:49:15,792] multiqc                                            [DEBUG  ]  Analysing modules: custom_content, ccs, ngsderive, purple, conpair, lima, peddy, somalier, methylQA, mosdepth, phantompeakqualtools, qualimap, preseq, quast, qorts, rna_seqc, rockhopper, rsem, rseqc, busco, bustools, goleft_indexcov, gffcompare, disambiguate, supernova, deeptools, sargasso, verifybamid, mirtrace, happy, mirtop, sambamba, homer, hops, macs2, theta2, snpeff, gatk, htseq, bcftools, featureCounts, fgbio, dragen, dedup, pbmarkdup, damageprofiler, biobambam2, jcvi, mtnucratio, picard, vep, sentieon, prokka, qc3C, nanostat, samblaster, samtools, sexdeterrmine, eigenstratdatabasetools, bamtools, jellyfish, vcftools, longranger, stacks, varscan2, snippy, bbmap, bismark, biscuit, hicexplorer, hicup, hicpro, salmon, kallisto, slamdunk, star, hisat2, tophat, bowtie2, bowtie1, snpsplit, odgi, pangolin, kat, leehom, adapterRemoval, clipandmerge, cutadapt, flexbar, kaiju, kraken, malt, trimmomatic, sickle, skewer, sortmerna, biobloomtools, fastq_screen, afterqc, fastp, fastqc, pychopper, pycoqc, minionqc, multivcfanalyzer, clusterflow, checkqc, bcl2fastq, bclconvert, interop, ivar, flash, seqyclean, optitype, whatshap
[2023-11-03 19:49:15,792] multiqc                                            [DEBUG  ]  Using temporary directory for creating report: /tmp/tmpeyvndsjw
[2023-11-03 19:49:15,793] multiqc                                            [INFO   ]  Search path : /home/bryan/variant_call/aligned_reads
[2023-11-03 19:49:15,820] multiqc                                            [DEBUG  ]  File ignored by ccs/v4 because it exceeded search pattern filesize limit: alignment_metrics.txt
[2023-11-03 19:49:15,822] multiqc                                            [DEBUG  ]  File ignored by lima/summary because it exceeded search pattern filesize limit: alignment_metrics.txt
[2023-11-03 19:49:15,826] multiqc                                            [DEBUG  ]  File ignored by longranger/invocation because it exceeded search pattern filesize limit: alignment_metrics.txt
[2023-11-03 19:49:15,835] multiqc                                            [DEBUG  ]  Ignoring file as matched an ignore pattern: insert_size_metrics.pdf
[2023-11-03 19:49:15,838] multiqc                                            [DEBUG  ]  File ignored by ccs/v4 because it exceeded search pattern filesize limit: insert_size_metrics.txt
[2023-11-03 19:49:15,840] multiqc                                            [DEBUG  ]  File ignored by hicexplorer because it exceeded search pattern filesize limit: insert_size_metrics.txt
[2023-11-03 19:49:15,840] multiqc                                            [DEBUG  ]  File ignored by lima/summary because it exceeded search pattern filesize limit: insert_size_metrics.txt
[2023-11-03 19:49:15,843] multiqc                                            [DEBUG  ]  File ignored by longranger/invocation because it exceeded search pattern filesize limit: insert_size_metrics.txt
[2023-11-03 19:49:15,852] multiqc                                            [DEBUG  ]  File ignored by nanostat because it exceeded search pattern filesize limit: insert_size_metrics.txt
[2023-11-03 19:49:15,853] multiqc                                            [DEBUG  ]  Ignoring file as matched an ignore pattern: SLGFSK-T_231336.paired.sam
[2023-11-03 19:49:15,853] multiqc                                            [DEBUG  ]  Ignoring file as matched an ignore pattern: SLGFSK-T_231336_sorted_dedup_bqsr_reads.bai
[2023-11-03 19:49:15,853] multiqc                                            [DEBUG  ]  Ignoring file as matched an ignore pattern: SLGFSK-T_231336_sorted_dedup_bqsr_reads.bam
[2023-11-03 19:49:15,853] multiqc                                            [DEBUG  ]  Ignoring file as matched an ignore pattern: SLGFSK-T_231336_sorted_dedup_reads.bam
[2023-11-03 19:49:15,853] multiqc                                            [DEBUG  ]  Ignoring file as matched an ignore pattern: SLGFSK-T_231336_sorted_dedup_reads.bam.bai
[2023-11-03 19:49:15,857] multiqc                                            [DEBUG  ]  File ignored by ccs/v4 because it exceeded search pattern filesize limit: SLGFSK-T_231336_sorted_dedup_reads.bam.sbi
[2023-11-03 19:49:15,859] multiqc                                            [DEBUG  ]  File ignored by hicexplorer because it exceeded search pattern filesize limit: SLGFSK-T_231336_sorted_dedup_reads.bam.sbi
[2023-11-03 19:49:15,859] multiqc                                            [DEBUG  ]  File ignored by lima/summary because it exceeded search pattern filesize limit: SLGFSK-T_231336_sorted_dedup_reads.bam.sbi
[2023-11-03 19:49:15,862] multiqc                                            [DEBUG  ]  File ignored by longranger/invocation because it exceeded search pattern filesize limit: SLGFSK-T_231336_sorted_dedup_reads.bam.sbi
[2023-11-03 19:49:15,867] multiqc                                            [DEBUG  ]  File ignored by nanostat because it exceeded search pattern filesize limit: SLGFSK-T_231336_sorted_dedup_reads.bam.sbi
[2023-11-03 19:49:18,756] multiqc.plots.bargraph                             [DEBUG  ]  Using matplotlib version 3.5.1
[2023-11-03 19:49:18,757] multiqc.plots.linegraph                            [DEBUG  ]  Using matplotlib version 3.5.1
[2023-11-03 19:49:18,768] multiqc.modules.picard.picard                      [INFO   ]  Found 1 AlignmentSummaryMetrics reports
[2023-11-03 19:49:18,771] multiqc.modules.picard.picard                      [INFO   ]  Found 1 InsertSizeMetrics reports
[2023-11-03 19:49:18,775] multiqc                                            [INFO   ]  Compressing plot data
[2023-11-03 19:49:18,796] multiqc                                            [INFO   ]  Report      : multiqc_report.html
[2023-11-03 19:49:18,796] multiqc                                            [INFO   ]  Data        : multiqc_data
[2023-11-03 19:49:18,796] multiqc                                            [DEBUG  ]  Moving data file from '/tmp/tmpeyvndsjw/multiqc_data' to '/home/bryan/variant_call/aligned_reads/multiqc_data'
[2023-11-03 19:49:19,253] multiqc                                            [INFO   ]  MultiQC complete
